<?xml version="1.0" encoding="UTF-8"?>
<testng-results skipped="1" failed="1" ignored="0" total="16" passed="14">
  <reporter-output>
  </reporter-output>
  <suite name="Default suite" duration-ms="316867" started-at="2018-08-20T09:40:48Z" finished-at="2018-08-20T09:46:05Z">
    <groups>
    </groups>
    <test name="Default test" duration-ms="316867" started-at="2018-08-20T09:40:48Z" finished-at="2018-08-20T09:46:05Z">
      <class name="SystemMavenProject.AnotherSystem">
        <test-method status="PASS" signature="Login()[pri:1, instance:SystemMavenProject.AnotherSystem@42dafa95]" name="Login" duration-ms="12787" started-at="2018-08-20T09:40:48Z" finished-at="2018-08-20T09:41:01Z">
          <reporter-output>
          </reporter-output>
        </test-method> <!-- Login -->
        <test-method status="PASS" signature="Finance()[pri:2, instance:SystemMavenProject.AnotherSystem@42dafa95]" name="Finance" duration-ms="30920" started-at="2018-08-20T09:41:01Z" finished-at="2018-08-20T09:41:32Z">
          <reporter-output>
          </reporter-output>
        </test-method> <!-- Finance -->
        <test-method status="FAIL" signature="LoadFees()[pri:3, instance:SystemMavenProject.AnotherSystem@42dafa95]" name="LoadFees" duration-ms="60073" started-at="2018-08-20T09:41:32Z" finished-at="2018-08-20T09:42:32Z">
          <exception class="org.openqa.selenium.NoSuchElementException">
            <message>
              <![CDATA[no such element: Unable to locate element: {"method":"xpath","selector":"//*[@id="w1"]/li[3]/a"}
  (Session info: chrome=68.0.3440.106)
  (Driver info: chromedriver=2.40.565498 (ea082db3280dd6843ebfb08a625e3eb905c4f5ab),platform=Windows NT 10.0.17134 x86_64) (WARNING: The server did not provide any stacktrace information)
Command duration or timeout: 0 milliseconds
For documentation on this error, please visit: http://seleniumhq.org/exceptions/no_such_element.html
Build info: version: '3.13.0', revision: '2f0d292', time: '2018-06-25T15:32:14.902Z'
System info: host: 'DESKTOP-M3KNQBL', ip: '192.168.3.87', os.name: 'Windows 10', os.arch: 'amd64', os.version: '10.0', java.version: '1.8.0_181'
Driver info: org.openqa.selenium.chrome.ChromeDriver
Capabilities {acceptInsecureCerts: false, acceptSslCerts: false, applicationCacheEnabled: false, browserConnectionEnabled: false, browserName: chrome, chrome: {chromedriverVersion: 2.40.565498 (ea082db3280dd6..., userDataDir: C:\Users\Dell\AppData\Local...}, cssSelectorsEnabled: true, databaseEnabled: false, handlesAlerts: true, hasTouchScreen: false, javascriptEnabled: true, locationContextEnabled: true, mobileEmulationEnabled: false, nativeEvents: true, networkConnectionEnabled: false, pageLoadStrategy: normal, platform: XP, platformName: XP, rotatable: false, setWindowRect: true, takesHeapSnapshot: true, takesScreenshot: true, unexpectedAlertBehaviour: , unhandledPromptBehavior: , version: 68.0.3440.106, webStorageEnabled: true}
Session ID: accfb13e7bcb5165b91d47058954f568
*** Element info: {Using=xpath, value=//*[@id="w1"]/li[3]/a}]]>
            </message>
            <full-stacktrace>
              <![CDATA[org.openqa.selenium.NoSuchElementException: no such element: Unable to locate element: {"method":"xpath","selector":"//*[@id="w1"]/li[3]/a"}
  (Session info: chrome=68.0.3440.106)
  (Driver info: chromedriver=2.40.565498 (ea082db3280dd6843ebfb08a625e3eb905c4f5ab),platform=Windows NT 10.0.17134 x86_64) (WARNING: The server did not provide any stacktrace information)
Command duration or timeout: 0 milliseconds
For documentation on this error, please visit: http://seleniumhq.org/exceptions/no_such_element.html
Build info: version: '3.13.0', revision: '2f0d292', time: '2018-06-25T15:32:14.902Z'
System info: host: 'DESKTOP-M3KNQBL', ip: '192.168.3.87', os.name: 'Windows 10', os.arch: 'amd64', os.version: '10.0', java.version: '1.8.0_181'
Driver info: org.openqa.selenium.chrome.ChromeDriver
Capabilities {acceptInsecureCerts: false, acceptSslCerts: false, applicationCacheEnabled: false, browserConnectionEnabled: false, browserName: chrome, chrome: {chromedriverVersion: 2.40.565498 (ea082db3280dd6..., userDataDir: C:\Users\Dell\AppData\Local...}, cssSelectorsEnabled: true, databaseEnabled: false, handlesAlerts: true, hasTouchScreen: false, javascriptEnabled: true, locationContextEnabled: true, mobileEmulationEnabled: false, nativeEvents: true, networkConnectionEnabled: false, pageLoadStrategy: normal, platform: XP, platformName: XP, rotatable: false, setWindowRect: true, takesHeapSnapshot: true, takesScreenshot: true, unexpectedAlertBehaviour: , unhandledPromptBehavior: , version: 68.0.3440.106, webStorageEnabled: true}
Session ID: accfb13e7bcb5165b91d47058954f568
*** Element info: {Using=xpath, value=//*[@id="w1"]/li[3]/a}
at sun.reflect.NativeConstructorAccessorImpl.newInstance0(Native Method)
at sun.reflect.NativeConstructorAccessorImpl.newInstance(NativeConstructorAccessorImpl.java:62)
at sun.reflect.DelegatingConstructorAccessorImpl.newInstance(DelegatingConstructorAccessorImpl.java:45)
at java.lang.reflect.Constructor.newInstance(Constructor.java:423)
at org.openqa.selenium.remote.ErrorHandler.createThrowable(ErrorHandler.java:214)
at org.openqa.selenium.remote.ErrorHandler.throwIfResponseFailed(ErrorHandler.java:166)
at org.openqa.selenium.remote.http.JsonHttpResponseCodec.reconstructValue(JsonHttpResponseCodec.java:40)
at org.openqa.selenium.remote.http.AbstractHttpResponseCodec.decode(AbstractHttpResponseCodec.java:80)
at org.openqa.selenium.remote.http.AbstractHttpResponseCodec.decode(AbstractHttpResponseCodec.java:44)
at org.openqa.selenium.remote.HttpCommandExecutor.execute(HttpCommandExecutor.java:158)
at org.openqa.selenium.remote.service.DriverCommandExecutor.execute(DriverCommandExecutor.java:83)
at org.openqa.selenium.remote.RemoteWebDriver.execute(RemoteWebDriver.java:548)
at org.openqa.selenium.remote.RemoteWebDriver.findElement(RemoteWebDriver.java:322)
at org.openqa.selenium.remote.RemoteWebDriver.findElementByXPath(RemoteWebDriver.java:424)
at org.openqa.selenium.By$ByXPath.findElement(By.java:353)
at org.openqa.selenium.remote.RemoteWebDriver.findElement(RemoteWebDriver.java:314)
at SystemMavenProject.AnotherSystem.LoadFees(AnotherSystem.java:1672)
at sun.reflect.NativeMethodAccessorImpl.invoke0(Native Method)
at sun.reflect.NativeMethodAccessorImpl.invoke(NativeMethodAccessorImpl.java:62)
at sun.reflect.DelegatingMethodAccessorImpl.invoke(DelegatingMethodAccessorImpl.java:43)
at java.lang.reflect.Method.invoke(Method.java:498)
at org.testng.internal.MethodInvocationHelper.invokeMethod(MethodInvocationHelper.java:124)
at org.testng.internal.Invoker.invokeMethod(Invoker.java:583)
at org.testng.internal.Invoker.invokeTestMethod(Invoker.java:719)
at org.testng.internal.Invoker.invokeTestMethods(Invoker.java:989)
at org.testng.internal.TestMethodWorker.invokeTestMethods(TestMethodWorker.java:125)
at org.testng.internal.TestMethodWorker.run(TestMethodWorker.java:109)
at org.testng.TestRunner.privateRun(TestRunner.java:648)
at org.testng.TestRunner.run(TestRunner.java:505)
at org.testng.SuiteRunner.runTest(SuiteRunner.java:455)
at org.testng.SuiteRunner.runSequentially(SuiteRunner.java:450)
at org.testng.SuiteRunner.privateRun(SuiteRunner.java:415)
at org.testng.SuiteRunner.run(SuiteRunner.java:364)
at org.testng.SuiteRunnerWorker.runSuite(SuiteRunnerWorker.java:52)
at org.testng.SuiteRunnerWorker.run(SuiteRunnerWorker.java:84)
at org.testng.TestNG.runSuitesSequentially(TestNG.java:1208)
at org.testng.TestNG.runSuitesLocally(TestNG.java:1137)
at org.testng.TestNG.runSuites(TestNG.java:1049)
at org.testng.TestNG.run(TestNG.java:1017)
at org.testng.remote.AbstractRemoteTestNG.run(AbstractRemoteTestNG.java:114)
at org.testng.remote.RemoteTestNG.initAndRun(RemoteTestNG.java:251)
at org.testng.remote.RemoteTestNG.main(RemoteTestNG.java:77)
]]>
            </full-stacktrace>
          </exception> <!-- org.openqa.selenium.NoSuchElementException -->
          <reporter-output>
          </reporter-output>
        </test-method> <!-- LoadFees -->
        <test-method status="SKIP" signature="Programs()[pri:4, instance:SystemMavenProject.AnotherSystem@42dafa95]" name="Programs" duration-ms="0" started-at="2018-08-20T09:42:32Z" finished-at="2018-08-20T09:42:32Z">
          <exception class="org.testng.SkipException">
            <message>
              <![CDATA[Skipping ProgramsTest case. ]]>
            </message>
            <full-stacktrace>
              <![CDATA[org.testng.SkipException: Skipping ProgramsTest case. 
at SystemMavenProject.AnotherSystem.Programs(AnotherSystem.java:418)
at sun.reflect.NativeMethodAccessorImpl.invoke0(Native Method)
at sun.reflect.NativeMethodAccessorImpl.invoke(NativeMethodAccessorImpl.java:62)
at sun.reflect.DelegatingMethodAccessorImpl.invoke(DelegatingMethodAccessorImpl.java:43)
at java.lang.reflect.Method.invoke(Method.java:498)
at org.testng.internal.MethodInvocationHelper.invokeMethod(MethodInvocationHelper.java:124)
at org.testng.internal.Invoker.invokeMethod(Invoker.java:583)
at org.testng.internal.Invoker.invokeTestMethod(Invoker.java:719)
at org.testng.internal.Invoker.invokeTestMethods(Invoker.java:989)
at org.testng.internal.TestMethodWorker.invokeTestMethods(TestMethodWorker.java:125)
at org.testng.internal.TestMethodWorker.run(TestMethodWorker.java:109)
at org.testng.TestRunner.privateRun(TestRunner.java:648)
at org.testng.TestRunner.run(TestRunner.java:505)
at org.testng.SuiteRunner.runTest(SuiteRunner.java:455)
at org.testng.SuiteRunner.runSequentially(SuiteRunner.java:450)
at org.testng.SuiteRunner.privateRun(SuiteRunner.java:415)
at org.testng.SuiteRunner.run(SuiteRunner.java:364)
at org.testng.SuiteRunnerWorker.runSuite(SuiteRunnerWorker.java:52)
at org.testng.SuiteRunnerWorker.run(SuiteRunnerWorker.java:84)
at org.testng.TestNG.runSuitesSequentially(TestNG.java:1208)
at org.testng.TestNG.runSuitesLocally(TestNG.java:1137)
at org.testng.TestNG.runSuites(TestNG.java:1049)
at org.testng.TestNG.run(TestNG.java:1017)
at org.testng.remote.AbstractRemoteTestNG.run(AbstractRemoteTestNG.java:114)
at org.testng.remote.RemoteTestNG.initAndRun(RemoteTestNG.java:251)
at org.testng.remote.RemoteTestNG.main(RemoteTestNG.java:77)
]]>
            </full-stacktrace>
          </exception> <!-- org.testng.SkipException -->
          <reporter-output>
          </reporter-output>
        </test-method> <!-- Programs -->
        <test-method status="PASS" signature="MnuProgramProducts()[pri:5, instance:SystemMavenProject.AnotherSystem@42dafa95]" name="MnuProgramProducts" duration-ms="17120" started-at="2018-08-20T09:42:32Z" finished-at="2018-08-20T09:42:49Z">
          <reporter-output>
          </reporter-output>
        </test-method> <!-- MnuProgramProducts -->
        <test-method status="PASS" signature="MnuProgramProductRef()[pri:6, instance:SystemMavenProject.AnotherSystem@42dafa95]" name="MnuProgramProductRef" duration-ms="18928" started-at="2018-08-20T09:42:49Z" finished-at="2018-08-20T09:43:08Z">
          <reporter-output>
          </reporter-output>
        </test-method> <!-- MnuProgramProductRef -->
        <test-method status="PASS" signature="MnuProgramCarrierType()[pri:7, instance:SystemMavenProject.AnotherSystem@42dafa95]" name="MnuProgramCarrierType" duration-ms="21063" started-at="2018-08-20T09:43:08Z" finished-at="2018-08-20T09:43:29Z">
          <reporter-output>
          </reporter-output>
        </test-method> <!-- MnuProgramCarrierType -->
        <test-method status="PASS" signature="MnuProgramDeliveryFee()[pri:8, instance:SystemMavenProject.AnotherSystem@42dafa95]" name="MnuProgramDeliveryFee" duration-ms="20199" started-at="2018-08-20T09:43:29Z" finished-at="2018-08-20T09:43:49Z">
          <reporter-output>
          </reporter-output>
        </test-method> <!-- MnuProgramDeliveryFee -->
        <test-method status="PASS" signature="MnuProgramTariff()[pri:9, instance:SystemMavenProject.AnotherSystem@42dafa95]" name="MnuProgramTariff" duration-ms="18608" started-at="2018-08-20T09:43:49Z" finished-at="2018-08-20T09:44:08Z">
          <reporter-output>
          </reporter-output>
        </test-method> <!-- MnuProgramTariff -->
        <test-method status="PASS" signature="MnuUserSystemUser()[pri:10, instance:SystemMavenProject.AnotherSystem@42dafa95]" name="MnuUserSystemUser" duration-ms="29228" started-at="2018-08-20T09:44:08Z" finished-at="2018-08-20T09:44:37Z">
          <reporter-output>
          </reporter-output>
        </test-method> <!-- MnuUserSystemUser -->
        <test-method status="PASS" signature="MnuUserProgramUser()[pri:11, instance:SystemMavenProject.AnotherSystem@42dafa95]" name="MnuUserProgramUser" duration-ms="27541" started-at="2018-08-20T09:44:37Z" finished-at="2018-08-20T09:45:05Z">
          <reporter-output>
          </reporter-output>
        </test-method> <!-- MnuUserProgramUser -->
        <test-method status="PASS" signature="MnuIPWhitelist()[pri:12, instance:SystemMavenProject.AnotherSystem@42dafa95]" name="MnuIPWhitelist" duration-ms="13265" started-at="2018-08-20T09:45:05Z" finished-at="2018-08-20T09:45:18Z">
          <reporter-output>
          </reporter-output>
        </test-method> <!-- MnuIPWhitelist -->
        <test-method status="PASS" signature="MnuSupportCardholder()[pri:13, instance:SystemMavenProject.AnotherSystem@42dafa95]" name="MnuSupportCardholder" duration-ms="11790" started-at="2018-08-20T09:45:18Z" finished-at="2018-08-20T09:45:30Z">
          <reporter-output>
          </reporter-output>
        </test-method> <!-- MnuSupportCardholder -->
        <test-method status="PASS" signature="MnuSettingsPrefund()[pri:14, instance:SystemMavenProject.AnotherSystem@42dafa95]" name="MnuSettingsPrefund" duration-ms="9366" started-at="2018-08-20T09:45:30Z" finished-at="2018-08-20T09:45:39Z">
          <reporter-output>
          </reporter-output>
        </test-method> <!-- MnuSettingsPrefund -->
        <test-method status="PASS" signature="MnuSettingsDeliveryMethod()[pri:15, instance:SystemMavenProject.AnotherSystem@42dafa95]" name="MnuSettingsDeliveryMethod" duration-ms="18862" started-at="2018-08-20T09:45:39Z" finished-at="2018-08-20T09:45:58Z">
          <reporter-output>
          </reporter-output>
        </test-method> <!-- MnuSettingsDeliveryMethod -->
        <test-method status="PASS" signature="MnuLogsCardholders()[pri:16, instance:SystemMavenProject.AnotherSystem@42dafa95]" name="MnuLogsCardholders" duration-ms="7073" started-at="2018-08-20T09:45:58Z" finished-at="2018-08-20T09:46:05Z">
          <reporter-output>
          </reporter-output>
        </test-method> <!-- MnuLogsCardholders -->
      </class> <!-- SystemMavenProject.AnotherSystem -->
    </test> <!-- Default test -->
  </suite> <!-- Default suite -->
</testng-results>
